[2015-05-22 15:42:52] name.WARNING: Foo [] []
[2015-05-22 15:43:44] name.WARNING: Foo [] []
[2015-05-22 15:44:05] name.WARNING: Foo [] []
[2015-05-22 15:44:05] name.ERROR: Bar [] []
[2015-05-22 17:57:22] name.INFO: {} [] []
[2015-05-22 17:57:22] name.INFO: {} [] []
[2015-05-22 17:57:24] name.INFO: {} [] []
[2015-05-22 17:57:24] name.INFO: {} [] []
[2015-05-22 17:57:25] name.INFO: {} [] []
[2015-05-22 17:57:25] name.INFO: {} [] []
[2015-05-22 17:57:27] name.INFO: {} [] []
[2015-05-22 17:57:27] name.INFO: {} [] []
[2015-05-22 17:57:29] name.INFO: {} [] []
[2015-05-22 17:57:29] name.INFO: {} [] []
[2015-05-22 17:58:21] Index_Controller.INFO: {"test":"123","ds":"1234"} [] []
[2015-05-22 17:58:21] Index_Controller.INFO: {"test":"123","ds":"1234"} [] []
[2015-05-22 17:59:36] Index_Controller.INFO: input {"test":"123","ds":"1234"} []
[2015-05-22 17:59:36] Index_Controller.INFO: output {"test":"123","ds":"1234"} []
[2015-05-22 18:02:24] Index_Controller.INFO: Enter controller [] []
[2015-05-22 18:02:24] Index_Controller.INFO: Exit Controller [] []
[2015-05-22 18:02:24] Index_Controller.INFO: input {"test":"123","ds":"1234"} []
[2015-05-22 18:02:24] Index_Controller.INFO: output {"test":"123","ds":"1234"} []
[2015-05-22 18:03:05] Index_Controller.INFO: Enter controller [] []
[2015-05-22 18:03:05] Index_Controller.INFO: Exit Controller [] []
[2015-05-22 18:03:05] Index_Controller.INFO: input {"test":"123","ds":"1234"} []
[2015-05-22 18:03:05] Index_Controller.INFO: output {"test":"123","ds":"1234"} []
[2015-05-22 18:03:10] Index_Controller.INFO: Enter controller [] []
[2015-05-22 18:03:11] Index_Controller.INFO: Exit Controller [] []
[2015-05-22 18:03:11] Index_Controller.INFO: input {"test":"123"} []
[2015-05-22 18:03:11] Index_Controller.INFO: output {"test":"123"} []
[2015-05-22 18:03:13] Index_Controller.INFO: Enter controller [] []
[2015-05-22 18:03:13] Index_Controller.INFO: Exit Controller [] []
[2015-05-22 18:03:13] Index_Controller.INFO: input [] []
[2015-05-22 18:03:13] Index_Controller.INFO: output [] []
[2015-05-22 18:11:13] Index_Controller.INFO: Enter controller [] []
[2015-05-22 18:11:13] Index_Controller.INFO: Exit Controller [] []
[2015-05-22 18:11:13] Index_Controller.INFO: input [] []
[2015-05-22 18:11:13] Index_Controller.INFO: output [] []
[2015-05-22 18:11:15] Index_Controller.INFO: Enter controller [] []
[2015-05-22 18:11:15] Index_Controller.INFO: Exit Controller [] []
[2015-05-22 18:11:15] Index_Controller.INFO: input [] []
[2015-05-22 18:11:15] Index_Controller.INFO: output [] []
[2015-05-22 18:11:15] Index_Controller.INFO: Enter controller [] []
[2015-05-22 18:11:15] Index_Controller.INFO: Exit Controller [] []
[2015-05-22 18:11:15] Index_Controller.INFO: input [] []
[2015-05-22 18:11:15] Index_Controller.INFO: output [] []
[2015-05-22 20:11:05] Index_Controller.INFO: Enter controller [] []
[2015-05-22 20:11:06] Index_Controller.INFO: Exit Controller [] []
[2015-05-22 20:11:06] Index_Controller.INFO: input [] []
[2015-05-22 20:11:06] Index_Controller.INFO: output [] []
[2015-05-22 20:22:14] Index_Controller.INFO: Enter controller [] []
[2015-05-22 20:22:14] Index_Controller.INFO: Exit Controller [] []
[2015-05-22 20:22:14] Index_Controller.INFO: input [] []
[2015-05-22 20:22:14] Index_Controller.INFO: output [] []
[2015-05-22 20:22:31] Index_Controller.INFO: Enter controller [] []
[2015-05-22 20:22:31] Index_Controller.INFO: Exit Controller [] []
[2015-05-22 20:22:31] Index_Controller.INFO: input {"captcha":"asdf"} []
[2015-05-22 20:22:31] Index_Controller.INFO: output [] []
[2015-05-22 20:23:01] Index_Controller.INFO: Enter controller [] []
[2015-05-22 20:23:01] Index_Controller.INFO: Exit Controller [] []
[2015-05-22 20:23:01] Index_Controller.INFO: input {"captcha":"asdf"} []
[2015-05-22 20:23:01] Index_Controller.INFO: output [] []
[2015-05-22 20:23:24] Index_Controller.INFO: Enter controller [] []
[2015-05-22 20:23:24] Index_Controller.INFO: Exit Controller [] []
[2015-05-22 20:23:24] Index_Controller.INFO: input {"captcha":"asdf"} []
[2015-05-22 20:23:24] Index_Controller.INFO: output [] []
[2015-05-22 20:23:26] Index_Controller.INFO: Enter controller [] []
[2015-05-22 20:23:26] Index_Controller.INFO: Exit Controller [] []
[2015-05-22 20:23:26] Index_Controller.INFO: input {"captcha":"asdf"} []
[2015-05-22 20:23:26] Index_Controller.INFO: output [] []
[2015-05-22 20:23:31] Index_Controller.INFO: Enter controller [] []
[2015-05-22 20:23:31] Index_Controller.INFO: Exit Controller [] []
[2015-05-22 20:23:31] Index_Controller.INFO: input {"captcha":"asdf"} []
[2015-05-22 20:23:31] Index_Controller.INFO: output [] []
[2015-05-22 20:23:33] Index_Controller.INFO: Enter controller [] []
[2015-05-22 20:23:33] Index_Controller.INFO: Exit Controller [] []
[2015-05-22 20:23:33] Index_Controller.INFO: input {"captcha":"asdf","asdf":"asdf"} []
[2015-05-22 20:23:33] Index_Controller.INFO: output [] []
[2015-05-22 20:23:49] Index_Controller.INFO: Enter controller [] []
[2015-05-22 20:23:49] Index_Controller.INFO: Exit Controller [] []
[2015-05-22 20:23:49] Index_Controller.INFO: input {"captcha":"asdf","asdf":"asdf"} []
[2015-05-22 20:23:49] Index_Controller.INFO: output {"captcha":"asdf","asdf":"asdf"} []
[2015-05-22 20:23:55] Index_Controller.INFO: Enter controller [] []
[2015-05-22 20:23:55] Index_Controller.INFO: Exit Controller [] []
[2015-05-22 20:23:55] Index_Controller.INFO: input {"captcha":"asdf","asdf":"asdf"} []
[2015-05-22 20:23:55] Index_Controller.INFO: output {"captcha":"asdf","asdf":"asdf"} []
[2015-05-22 20:37:01] Index_Controller.INFO: Enter controller [] []
[2015-05-22 20:38:12] Index_Controller.INFO: Enter controller [] []
[2015-05-22 20:38:12] Index_Controller.INFO: Exit Controller [] []
[2015-05-22 20:38:12] Index_Controller.INFO: input {"captcha":"asdf","asdf":"asdf"} []
[2015-05-22 20:38:12] Index_Controller.INFO: output {"captcha":"asdf","asdf":"asdf"} []
[2015-05-22 20:40:09] Index_Controller.INFO: Enter controller [] []
[2015-05-22 20:40:09] Controller_Exception.ERROR: Missing captcha! [] []
[2015-05-22 20:40:09] Index_Controller.INFO: Exit Controller [] []
[2015-05-22 20:40:09] Index_Controller.INFO: input {"captcha":"asdf","asdf":"asdf"} []
[2015-05-22 20:40:09] Index_Controller.INFO: output {"captcha":"asdf","asdf":"asdf"} []
[2015-05-22 20:40:11] Index_Controller.INFO: Enter controller [] []
[2015-05-22 20:40:11] Controller_Exception.ERROR: Missing captcha! [] []
[2015-05-22 20:40:11] Index_Controller.INFO: Exit Controller [] []
[2015-05-22 20:40:11] Index_Controller.INFO: input {"captcha":"asdf","asdf":"asdf"} []
[2015-05-22 20:40:11] Index_Controller.INFO: output {"captcha":"asdf","asdf":"asdf"} []
[2015-05-22 20:40:12] Index_Controller.INFO: Enter controller [] []
[2015-05-22 20:40:12] Controller_Exception.ERROR: Missing captcha! [] []
[2015-05-22 20:40:12] Index_Controller.INFO: Exit Controller [] []
[2015-05-22 20:40:12] Index_Controller.INFO: input {"captcha":"asdf","asdf":"asdf"} []
[2015-05-22 20:40:12] Index_Controller.INFO: output {"captcha":"asdf","asdf":"asdf"} []
[2015-05-22 20:40:15] Index_Controller.INFO: Enter controller [] []
[2015-05-22 20:40:15] Controller_Exception.ERROR: Missing captcha! [] []
[2015-05-22 20:40:15] Index_Controller.INFO: Exit Controller [] []
[2015-05-22 20:40:15] Index_Controller.INFO: input {"captcha":"asdf","asdf":"asdf"} []
[2015-05-22 20:40:15] Index_Controller.INFO: output {"captcha":"asdf","asdf":"asdf"} []
[2015-05-22 20:40:51] Index_Controller.INFO: Enter controller [] []
[2015-05-22 20:40:51] Controller_Exception.ERROR: Missing captcha! [] []
[2015-05-22 20:40:51] Index_Controller.INFO: Exit Controller [] []
[2015-05-22 20:40:51] Index_Controller.INFO: input {"captcha":"asdf","asdf":"asdf"} []
[2015-05-22 20:40:51] Index_Controller.INFO: output {"captcha":"asdf","asdf":"asdf"} []
[2015-05-22 20:42:43] Index_Controller.INFO: Enter controller [] []
[2015-05-22 20:42:43] Controller_Exception.ERROR: Missing captcha! [] []
[2015-05-22 20:42:43] Index_Controller.INFO: Exit Controller [] []
[2015-05-22 20:42:43] Index_Controller.INFO: input {"captcha":"asdf","asdf":"asdf"} []
[2015-05-22 20:42:43] Index_Controller.INFO: output {"captcha":"asdf","asdf":"asdf"} []
[2015-05-22 20:42:48] Index_Controller.INFO: Enter controller [] []
[2015-05-22 20:42:48] Controller_Exception.ERROR: Missing captcha! [] []
[2015-05-22 20:42:48] Index_Controller.INFO: Exit Controller [] []
[2015-05-22 20:42:48] Index_Controller.INFO: input {"captcha":"asdf"} []
[2015-05-22 20:42:48] Index_Controller.INFO: output {"captcha":"asdf"} []
[2015-05-22 20:43:07] Index_Controller.INFO: Enter controller [] []
[2015-05-22 20:43:07] Index_Controller.INFO: Exit Controller [] []
[2015-05-22 20:43:07] Index_Controller.INFO: input [] []
[2015-05-22 20:43:07] Index_Controller.INFO: output [] []
[2015-05-22 20:43:20] Index_Controller.INFO: Enter controller [] []
[2015-05-22 20:43:20] Controller_Exception.ERROR: Missing captcha! [] []
[2015-05-22 20:43:20] Index_Controller.INFO: Exit Controller [] []
[2015-05-22 20:43:20] Index_Controller.INFO: input {"captcha":"mnz7j"} []
[2015-05-22 20:43:20] Index_Controller.INFO: output [] []
[2015-05-22 20:44:38] Index_Controller.INFO: Enter controller [] []
[2015-05-22 20:44:38] Controller_Exception.ERROR: Missing captcha! [] []
[2015-05-22 20:44:38] Index_Controller.INFO: Exit Controller [] []
[2015-05-22 20:44:38] Index_Controller.INFO: input {"captcha":"mnz7j"} []
[2015-05-22 20:44:38] Index_Controller.INFO: output [] []
[2015-05-22 20:44:41] Index_Controller.INFO: Enter controller [] []
[2015-05-22 20:44:41] Controller_Exception.ERROR: Missing captcha! [] []
[2015-05-22 20:44:41] Index_Controller.INFO: Exit Controller [] []
[2015-05-22 20:44:41] Index_Controller.INFO: input {"captcha":"mnz7j"} []
[2015-05-22 20:44:41] Index_Controller.INFO: output [] []
[2015-05-22 20:45:35] Index_Controller.INFO: Enter controller [] []
[2015-05-22 20:45:35] Controller_Exception.ERROR: Wrong Captcha! [] []
[2015-05-22 20:45:35] Index_Controller.INFO: Exit Controller [] []
[2015-05-22 20:45:35] Index_Controller.INFO: input {"captcha":"mnz7j"} []
[2015-05-22 20:45:35] Index_Controller.INFO: output [] []
[2015-05-22 20:45:48] Index_Controller.INFO: Enter controller [] []
[2015-05-22 20:45:48] Controller_Exception.ERROR: Wrong Captcha! [] []
[2015-05-22 20:45:48] Index_Controller.INFO: Exit Controller [] []
[2015-05-22 20:45:48] Index_Controller.INFO: input {"captcha":"mnz7j"} []
[2015-05-22 20:45:48] Index_Controller.INFO: output [] []
[2015-05-22 20:45:55] Index_Controller.INFO: Enter controller [] []
[2015-05-22 20:45:55] Index_Controller.INFO: Exit Controller [] []
[2015-05-22 20:45:55] Index_Controller.INFO: input [] []
[2015-05-22 20:45:55] Index_Controller.INFO: output [] []
[2015-05-22 20:46:14] Index_Controller.INFO: Enter controller [] []
[2015-05-22 20:46:14] Controller_Exception.ERROR: Wrong Captcha! [] []
[2015-05-22 20:46:14] Index_Controller.INFO: Exit Controller [] []
[2015-05-22 20:46:14] Index_Controller.INFO: input {"captcha":"8zj8c"} []
[2015-05-22 20:46:14] Index_Controller.INFO: output [] []
[2015-05-22 20:46:36] Index_Controller.INFO: Enter controller [] []
[2015-05-22 20:46:36] Controller_Exception.ERROR: Missing captcha! [] []
[2015-05-22 20:46:36] Index_Controller.INFO: Exit Controller [] []
[2015-05-22 20:46:36] Index_Controller.INFO: input {"captcha":"8zj8c"} []
[2015-05-22 20:46:36] Index_Controller.INFO: output [] []
[2015-05-22 20:47:07] Index_Controller.INFO: Enter controller [] []
[2015-05-22 20:47:23] Index_Controller.INFO: Enter controller [] []
[2015-05-22 20:47:28] Index_Controller.INFO: Enter controller [] []
[2015-05-22 20:47:28] Index_Controller.INFO: Exit Controller [] []
[2015-05-22 20:47:28] Index_Controller.INFO: input [] []
[2015-05-22 20:47:28] Index_Controller.INFO: output [] []
[2015-05-22 20:47:36] Index_Controller.INFO: Enter controller [] []
[2015-05-22 20:48:07] Index_Controller.INFO: Enter controller [] []
[2015-05-22 20:48:14] Index_Controller.INFO: Enter controller [] []
[2015-05-22 20:48:19] Index_Controller.INFO: Enter controller [] []
[2015-05-22 20:48:42] Index_Controller.INFO: Enter controller [] []
[2015-05-22 20:49:21] Index_Controller.INFO: Enter controller [] []
[2015-05-22 20:49:30] Index_Controller.INFO: Enter controller [] []
[2015-05-22 20:50:54] Index_Controller.INFO: Enter controller [] []
[2015-05-22 20:50:54] Index_Controller.INFO: Exit Controller [] []
[2015-05-22 20:50:54] Index_Controller.INFO: input {"captcha":"j8e1s"} []
[2015-05-22 20:50:54] Index_Controller.INFO: output [] []
[2015-05-22 20:50:57] Index_Controller.INFO: Enter controller [] []
[2015-05-22 20:50:57] Controller_Exception.ERROR: Wrong Captcha! [] []
[2015-05-22 20:50:57] Index_Controller.INFO: Exit Controller [] []
[2015-05-22 20:50:57] Index_Controller.INFO: input {"captcha":"j8e1sd"} []
[2015-05-22 20:50:57] Index_Controller.INFO: output [] []
[2015-05-22 20:51:00] Index_Controller.INFO: Enter controller [] []
[2015-05-22 20:51:00] Index_Controller.INFO: Exit Controller [] []
[2015-05-22 20:51:00] Index_Controller.INFO: input {"captcha":"j8e1s"} []
[2015-05-22 20:51:00] Index_Controller.INFO: output [] []
[2015-05-22 20:51:07] Index_Controller.INFO: Enter controller [] []
[2015-05-22 20:51:07] Controller_Exception.ERROR: Index_Controller->captcha is not defined [] []
[2015-05-22 20:51:07] Index_Controller.INFO: Exit Controller [] []
[2015-05-22 20:51:07] Index_Controller.INFO: input {"dcaptcha":"j8e1s"} []
[2015-05-22 20:51:07] Index_Controller.INFO: output [] []
[2015-05-22 20:51:22] Index_Controller.INFO: Enter controller [] []
[2015-05-22 20:51:22] Index_Controller.INFO: Exit Controller [] []
[2015-05-22 20:51:22] Index_Controller.INFO: input {"captcha":"j8e1s"} []
[2015-05-22 20:51:22] Index_Controller.INFO: output [] []
[2015-05-22 20:51:35] Index_Controller.INFO: Enter controller [] []
[2015-05-22 20:51:35] Index_Controller.INFO: Exit Controller [] []
[2015-05-22 20:51:35] Index_Controller.INFO: input {"captcha":"j8e1s"} []
[2015-05-22 20:51:35] Index_Controller.INFO: output [] []
[2015-05-22 20:52:13] Index_Controller.INFO: Enter controller [] []
[2015-05-22 20:52:13] Index_Controller.INFO: Exit Controller [] []
[2015-05-22 20:52:13] Index_Controller.INFO: input {"captcha":"j8e1s"} []
[2015-05-22 20:52:13] Index_Controller.INFO: output [] []
[2015-05-22 20:52:14] Index_Controller.INFO: Enter controller [] []
[2015-05-22 20:52:14] Controller_Exception.ERROR: Missing captcha! [] []
[2015-05-22 20:52:14] Index_Controller.INFO: Exit Controller [] []
[2015-05-22 20:52:14] Index_Controller.INFO: input {"captcha":"j8e1s"} []
[2015-05-22 20:52:14] Index_Controller.INFO: output [] []
[2015-05-22 20:52:43] Index_Controller.INFO: Enter controller [] []
[2015-05-22 20:52:43] Controller_Exception.ERROR: Wrong Captcha! [] []
[2015-05-22 20:52:43] Index_Controller.INFO: Exit Controller [] []
[2015-05-22 20:52:43] Index_Controller.INFO: input {"captcha":"j8e1s"} []
[2015-05-22 20:52:43] Index_Controller.INFO: output [] []
